<?xml version="1.0" encoding="UTF-8"?>
<!-- Generated by org.testng.reporters.JUnitReportReporter -->
<testsuite skipped="0" hostname="Braidens-MacBook-Pro.local" name="com.baseClass.BaseClass" tests="1" failures="0" timestamp="28 Sep 2022 03:50:09 GMT" time="6.981" errors="0">
  <testcase name="setUp" time="6.981" classname="com.baseClass.BaseClass"/>
</testsuite> <!-- com.baseClass.BaseClass -->
