<?xml version="1.0" encoding="UTF-8"?>
<!-- Generated by org.testng.reporters.JUnitReportReporter -->
<testsuite skipped="31" hostname="Braidens-MacBook-Pro.local" name="com.costco.tests.TestClass" tests="32" failures="0" timestamp="10 Oct 2022 22:50:48 GMT" time="7.092" errors="0">
  <testcase name="use_of_getTitle_method_with_assertion01" time="7.092" classname="com.costco.tests.TestClass"/>
  <testcase name="use_Of_Selected_mathod" classname="com.costco.tests.TestClass">
    <skipped/>
  </testcase> <!-- use_Of_Selected_mathod -->
  <testcase name="LearnAboutOurCommitmentToWomenButtonTest" classname="com.costco.tests.TestClass">
    <skipped/>
  </testcase> <!-- LearnAboutOurCommitmentToWomenButtonTest -->
  <testcase name="setASpecificSizeOfWindow" classname="com.costco.tests.TestClass">
    <skipped/>
  </testcase> <!-- setASpecificSizeOfWindow -->
  <testcase name="whileSuppliesClickTest" classname="com.costco.tests.TestClass">
    <skipped/>
  </testcase> <!-- whileSuppliesClickTest -->
  <testcase name="mouseHoverActonsOnMyeBay" classname="com.costco.tests.TestClass">
    <skipped/>
  </testcase> <!-- mouseHoverActonsOnMyeBay -->
  <testcase name="termsandConditionsLinkTest" classname="com.costco.tests.TestClass">
    <skipped/>
  </testcase> <!-- termsandConditionsLinkTest -->
  <testcase name="dropdown_selectByVisibleText_method" classname="com.costco.tests.TestClass">
    <skipped/>
  </testcase> <!-- dropdown_selectByVisibleText_method -->
  <testcase name="logoTest02" classname="com.costco.tests.TestClass">
    <skipped/>
  </testcase> <!-- logoTest02 -->
  <testcase name="warehouseSavingsTest" classname="com.costco.tests.TestClass">
    <skipped/>
  </testcase> <!-- warehouseSavingsTest -->
  <testcase name="sameDayClickTest" classname="com.costco.tests.TestClass">
    <skipped/>
  </testcase> <!-- sameDayClickTest -->
  <testcase name="use_of_getCurrentURL_method" classname="com.costco.tests.TestClass">
    <skipped/>
  </testcase> <!-- use_of_getCurrentURL_method -->
  <testcase name="creditCardsClickTest" classname="com.costco.tests.TestClass">
    <skipped/>
  </testcase> <!-- creditCardsClickTest -->
  <testcase name="use_of_getTile_method" classname="com.costco.tests.TestClass">
    <skipped/>
  </testcase> <!-- use_of_getTile_method -->
  <testcase name="use_of_senKeys_method_then_click_submit_and_then_clear" classname="com.costco.tests.TestClass">
    <skipped/>
  </testcase> <!-- use_of_senKeys_method_then_click_submit_and_then_clear -->
  <testcase name="dropdown_selectByValue_method" classname="com.costco.tests.TestClass">
    <skipped/>
  </testcase> <!-- dropdown_selectByValue_method -->
  <testcase name="groceryButtonTest" classname="com.costco.tests.TestClass">
    <skipped/>
  </testcase> <!-- groceryButtonTest -->
  <testcase name="use_of_senKeys_method_then_click_by_enter_key_and_then_clear" classname="com.costco.tests.TestClass">
    <skipped/>
  </testcase> <!-- use_of_senKeys_method_then_click_by_enter_key_and_then_clear -->
  <testcase name="treasureHuntTest" classname="com.costco.tests.TestClass">
    <skipped/>
  </testcase> <!-- treasureHuntTest -->
  <testcase name="use_of_getAttribute_method" classname="com.costco.tests.TestClass">
    <skipped/>
  </testcase> <!-- use_of_getAttribute_method -->
  <testcase name="use_of_sendKeys_method" classname="com.costco.tests.TestClass">
    <skipped/>
  </testcase> <!-- use_of_sendKeys_method -->
  <testcase name="searchFieldTest" classname="com.costco.tests.TestClass">
    <skipped/>
  </testcase> <!-- searchFieldTest -->
  <testcase name="logoTest03" classname="com.costco.tests.TestClass">
    <skipped/>
  </testcase> <!-- logoTest03 -->
  <testcase name="passWordClickTest" classname="com.costco.tests.TestClass">
    <skipped/>
  </testcase> <!-- passWordClickTest -->
  <testcase name="sameDayElementTest" classname="com.costco.tests.TestClass">
    <skipped/>
  </testcase> <!-- sameDayElementTest -->
  <testcase name="ordersReturnsClickTest" classname="com.costco.tests.TestClass">
    <skipped/>
  </testcase> <!-- ordersReturnsClickTest -->
  <testcase name="dropdown_selectByIndex_method" classname="com.costco.tests.TestClass">
    <skipped/>
  </testcase> <!-- dropdown_selectByIndex_method -->
  <testcase name="signInButtonClickTest" classname="com.costco.tests.TestClass">
    <skipped/>
  </testcase> <!-- signInButtonClickTest -->
  <testcase name="use_of_navigate_method" classname="com.costco.tests.TestClass">
    <skipped/>
  </testcase> <!-- use_of_navigate_method -->
  <testcase name="test1" classname="com.costco.tests.TestClass">
    <skipped/>
  </testcase> <!-- test1 -->
  <testcase name="use_of_getText_method" classname="com.costco.tests.TestClass">
    <skipped/>
  </testcase> <!-- use_of_getText_method -->
  <testcase name="ordersReturnsTest" classname="com.costco.tests.TestClass">
    <skipped/>
  </testcase> <!-- ordersReturnsTest -->
</testsuite> <!-- com.costco.tests.TestClass -->
