<?xml version="1.0" encoding="UTF-8"?>
<!-- Generated by org.testng.reporters.JUnitReportReporter -->
<testsuite skipped="0" hostname="Braidens-MacBook-Pro.local" name="com.baseClass.BaseClass" tests="1" failures="0" timestamp="27 Sep 2022 01:19:10 GMT" time="8.189" errors="0">
  <testcase name="setUp" time="8.189" classname="com.baseClass.BaseClass"/>
</testsuite> <!-- com.baseClass.BaseClass -->
