<?xml version="1.0" encoding="UTF-8"?>
<!-- Generated by org.testng.reporters.JUnitReportReporter -->
<testsuite skipped="0" hostname="Braidens-MacBook-Pro.local" name="com.costco.TestClass" tests="1" failures="0" timestamp="01 Oct 2022 04:05:53 GMT" time="1.528" errors="0">
  <testcase name="test1" time="1.528" classname="com.costco.TestClass"/>
</testsuite> <!-- com.costco.TestClass -->
